<?xml version="1.0"?>
<!DOCTYPE coverage SYSTEM "http://cobertura.sourceforge.net/xml/coverage-04.dtd">

<coverage line-rate="1.0" branch-rate="1.0" lines-covered="0" lines-valid="0" branches-covered="0" branches-valid="0" complexity="0.0" version="2.1.1" timestamp="1704149907962">
	<sources>
		<source>--source</source>
		<source>/home/hiroshi/Documents/github/valid8j/target/checkout/target/generated-sources/local</source>
		<source>/home/hiroshi/Documents/github/valid8j/target/checkout/src/main/java</source>
		<source>/home/hiroshi/Documents/github/valid8j/target/checkout/target/generated-sources/annotations</source>
	</sources>
	<packages>
	</packages>
</coverage>
